<?xml version="1.0" encoding="UTF-8"?>
<!-- Generated by org.testng.reporters.JUnitReportReporter -->
<testsuite skipped="0" hostname="DESKTOP-9BH9OAK" name="test.LoginTest" tests="1" failures="0" timestamp="18 May 2020 17:11:29 GMT" time="8.706" errors="0">
  <testcase name="validusershouldbeabletologin" time="8.706" classname="test.LoginTest"/>
</testsuite> <!-- test.LoginTest -->
