<?xml version="1.0" encoding="UTF-8"?>
<!-- Generated by org.testng.reporters.JUnitReportReporter -->
<testsuite skipped="0" hostname="DESKTOP-9BH9OAK" name="test.DashboardTest" tests="1" failures="0" timestamp="18 May 2020 19:43:01 GMT" time="15.196" errors="0">
  <testcase name="dashboardVerification" time="15.196" classname="test.DashboardTest"/>
</testsuite> <!-- test.DashboardTest -->
